[0.010s] Invoking command in '/home/emmm/Desktop/scnu_rm/ROS2/task/cvtopic_ws/build/opencv_video': CMAKE_PREFIX_PATH=${CMAKE_PREFIX_PATH}:/opt/ros/humble /usr/bin/cmake --build /home/emmm/Desktop/scnu_rm/ROS2/task/cvtopic_ws/build/opencv_video -- -j12 -l12
[0.060s] [35m[1mConsolidate compiler generated dependencies of target video_subscriber[0m
[0.063s] [35m[1mConsolidate compiler generated dependencies of target video_publisher[0m
[0.078s] [ 25%] [32mBuilding CXX object CMakeFiles/video_subscriber.dir/src/video_subscriber.cpp.o[0m
[0.082s] [ 75%] Built target video_publisher
[1.725s] [01m[K/home/emmm/Desktop/scnu_rm/ROS2/task/cvtopic_ws/src/opencv_video/src/video_subscriber.cpp:[m[K In member function â€˜[01m[Kvoid VideoSubscriberNode::[01;32m[Kimg_callback[m[K(const sensor_msgs::msg::Image_<std::allocator<void> >::ConstSharedPtr&)[m[Kâ€™:
[1.726s] [01m[K/home/emmm/Desktop/scnu_rm/ROS2/task/cvtopic_ws/src/opencv_video/src/video_subscriber.cpp:93:17:[m[K [01;31m[Kerror: [m[Kâ€˜[01m[Kminx[m[Kâ€™ was not declared in this scope; did you mean â€˜[01m[KminX[m[Kâ€™?
[1.726s]    93 |                 [01;31m[Kminx[m[K = std::min(minx, allVertice.y);
[1.726s]       |                 [01;31m[K^~~~[m[K
[1.726s]       |                 [32m[KminX[m[K
[1.730s] [01m[K/home/emmm/Desktop/scnu_rm/ROS2/task/cvtopic_ws/src/opencv_video/src/video_subscriber.cpp:94:17:[m[K [01;31m[Kerror: [m[Kâ€˜[01m[Kmaxx[m[Kâ€™ was not declared in this scope; did you mean â€˜[01m[KmaxX[m[Kâ€™?
[1.730s]    94 |                 [01;31m[Kmaxx[m[K = std::min(maxX, allVertice.y);
[1.730s]       |                 [01;31m[K^~~~[m[K
[1.730s]       |                 [32m[KmaxX[m[K
[2.237s] gmake[2]: *** [CMakeFiles/video_subscriber.dir/build.make:76: CMakeFiles/video_subscriber.dir/src/video_subscriber.cpp.o] Error 1
[2.237s] gmake[1]: *** [CMakeFiles/Makefile2:165: CMakeFiles/video_subscriber.dir/all] Error 2
[2.237s] gmake: *** [Makefile:146: all] Error 2
[2.239s] Invoked command in '/home/emmm/Desktop/scnu_rm/ROS2/task/cvtopic_ws/build/opencv_video' returned '2': CMAKE_PREFIX_PATH=${CMAKE_PREFIX_PATH}:/opt/ros/humble /usr/bin/cmake --build /home/emmm/Desktop/scnu_rm/ROS2/task/cvtopic_ws/build/opencv_video -- -j12 -l12
