[01m[K/home/emmm/Desktop/scnu_rm/ROS2/learn/chapter4/service_ws/src/demo_service/src/turtle_control.cpp:[m[K In constructor â€˜[01m[KTurtleControlNode::[01;32m[KTurtleControlNode[m[K(const std::string&)[m[Kâ€™:
[01m[K/home/emmm/Desktop/scnu_rm/ROS2/learn/chapter4/service_ws/src/demo_service/src/turtle_control.cpp:40:28:[m[K [01;31m[Kerror: [m[Kâ€˜[01m[Kshated_ptr[m[Kâ€™ in namespace â€˜[01m[Kstd[m[Kâ€™ does not name a template type; did you mean â€˜[01m[Kshared_ptr[m[Kâ€™?
   40 |             [&](const std::[01;31m[Kshated_ptr[m[K<Patrol::Request> request,  //const Patrol::Request::SharedPtr request
      |                            [01;31m[K^~~~~~~~~~[m[K
      |                            [32m[Kshared_ptr[m[K
[01m[K/home/emmm/Desktop/scnu_rm/ROS2/learn/chapter4/service_ws/src/demo_service/src/turtle_control.cpp:[m[K In lambda function:
[01m[K/home/emmm/Desktop/scnu_rm/ROS2/learn/chapter4/service_ws/src/demo_service/src/turtle_control.cpp:59:14:[m[K [01;31m[Kerror: [m[Kexpected â€˜[01m[K{[m[Kâ€™ before â€˜[01m[K;[m[Kâ€™ token
   59 |             )[01;31m[K;[m[K
      |              [01;31m[K^[m[K
[01m[K/home/emmm/Desktop/scnu_rm/ROS2/learn/chapter4/service_ws/src/demo_service/src/turtle_control.cpp:[m[K In constructor â€˜[01m[KTurtleControlNode::[01;32m[KTurtleControlNode[m[K(const std::string&)[m[Kâ€™:
[01m[K/home/emmm/Desktop/scnu_rm/ROS2/learn/chapter4/service_ws/src/demo_service/src/turtle_control.cpp:59:14:[m[K [01;31m[Kerror: [m[Kexpected â€˜[01m[K)[m[Kâ€™ before â€˜[01m[K;[m[Kâ€™ token
[01m[K/home/emmm/Desktop/scnu_rm/ROS2/learn/chapter4/service_ws/src/demo_service/src/turtle_control.cpp:38:55:[m[K [01;36m[Knote: [m[Kto match this â€˜[01m[K([m[Kâ€™
   38 |         patrol_service_ = this->create_service<Patrol>[01;36m[K([m[K"patrol",
      |                                                       [01;36m[K^[m[K
gmake[2]: *** [CMakeFiles/turtle_control.dir/build.make:76: CMakeFiles/turtle_control.dir/src/turtle_control.cpp.o] Error 1
gmake[1]: *** [CMakeFiles/Makefile2:137: CMakeFiles/turtle_control.dir/all] Error 2
gmake: *** [Makefile:146: all] Error 2
