[01m[K/home/emmm/Desktop/scnu_rm/ROS2/task/cvtopic_ws/src/opencv_video/src/video_subscriber.cpp:[m[K In member function â€˜[01m[Kvoid VideoSubscriberNode::[01;32m[Kimg_callback[m[K(const sensor_msgs::msg::Image_<std::allocator<void> >::ConstSharedPtr&)[m[Kâ€™:
[01m[K/home/emmm/Desktop/scnu_rm/ROS2/task/cvtopic_ws/src/opencv_video/src/video_subscriber.cpp:77:30:[m[K [01;31m[Kerror: [m[Kâ€˜[01m[Kimg[m[Kâ€™ was not declared in this scope
   77 |                     cv::line([01;31m[Kimg[m[K, vertices[i], vertices[(i+1)%4], cv::Scalar(0,255,0), 3);
      |                              [01;31m[K^~~[m[K
[01m[K/home/emmm/Desktop/scnu_rm/ROS2/task/cvtopic_ws/src/opencv_video/src/video_subscriber.cpp:92:26:[m[K [01;31m[Kerror: [m[Kâ€˜[01m[K__gnu_cxx::__alloc_traits<std::allocator<cv::RotatedRect>, cv::RotatedRect>::value_type[m[Kâ€™ {aka â€˜[01m[Kclass cv::RotatedRect[m[Kâ€™} has no member named â€˜[01m[Krect[m[Kâ€™
   92 |             lightBars[0].[01;31m[Krect[m[K.points(leftVertices);
      |                          [01;31m[K^~~~[m[K
[01m[K/home/emmm/Desktop/scnu_rm/ROS2/task/cvtopic_ws/src/opencv_video/src/video_subscriber.cpp:95:26:[m[K [01;31m[Kerror: [m[Kâ€˜[01m[K__gnu_cxx::__alloc_traits<std::allocator<cv::RotatedRect>, cv::RotatedRect>::value_type[m[Kâ€™ {aka â€˜[01m[Kclass cv::RotatedRect[m[Kâ€™} has no member named â€˜[01m[Krect[m[Kâ€™
   95 |             lightBars[1].[01;31m[Krect[m[K.points(rightVertices);
      |                          [01;31m[K^~~~[m[K
gmake[2]: *** [CMakeFiles/video_subscriber.dir/build.make:76: CMakeFiles/video_subscriber.dir/src/video_subscriber.cpp.o] Error 1
gmake[1]: *** [CMakeFiles/Makefile2:165: CMakeFiles/video_subscriber.dir/all] Error 2
gmake: *** [Makefile:146: all] Error 2
