[0.011s] Invoking command in '/home/emmm/Desktop/scnu_rm/ROS2/task/cvtopic_ws/build/opencv_video': CMAKE_PREFIX_PATH=${CMAKE_PREFIX_PATH}:/opt/ros/humble /usr/bin/cmake --build /home/emmm/Desktop/scnu_rm/ROS2/task/cvtopic_ws/build/opencv_video -- -j12 -l12
[0.079s] [35m[1mConsolidate compiler generated dependencies of target video_subscriber[0m
[0.119s] [ 25%] [32mBuilding CXX object CMakeFiles/video_subscriber.dir/src/video_subscriber.cpp.o[0m
[0.122s] [ 50%] [32mBuilding CXX object CMakeFiles/video_publisher.dir/src/video_publisher.cpp.o[0m
[1.996s] [01m[K/home/emmm/Desktop/scnu_rm/ROS2/task/cvtopic_ws/src/opencv_video/src/video_subscriber.cpp:[m[K In member function â€˜[01m[Kvoid VideoSubscriberNode::[01;32m[Kimg_callback[m[K(const sensor_msgs::msg::Image_<std::allocator<void> >::ConstSharedPtr&)[m[Kâ€™:
[1.996s] [01m[K/home/emmm/Desktop/scnu_rm/ROS2/task/cvtopic_ws/src/opencv_video/src/video_subscriber.cpp:89:66:[m[K [01;31m[Kerror: [m[Kexpected unqualified-id before â€˜[01m[K;[m[Kâ€™ token
[1.996s]    89 |             float minX = allVertices[0].x, maxX = allVertices[0].[01;31m[K;[m[K
[1.997s]       |                                                                  [01;31m[K^[m[K
[2.001s] [01m[K/home/emmm/Desktop/scnu_rm/ROS2/task/cvtopic_ws/src/opencv_video/src/video_subscriber.cpp:93:17:[m[K [01;31m[Kerror: [m[Kâ€˜[01m[Kminx[m[Kâ€™ was not declared in this scope; did you mean â€˜[01m[KminX[m[Kâ€™?
[2.001s]    93 |                 [01;31m[Kminx[m[K = std::min(minx, allVertice.y);
[2.001s]       |                 [01;31m[K^~~~[m[K
[2.001s]       |                 [32m[KminX[m[K
[2.020s] [01m[K/home/emmm/Desktop/scnu_rm/ROS2/task/cvtopic_ws/src/opencv_video/src/video_subscriber.cpp:94:17:[m[K [01;31m[Kerror: [m[Kâ€˜[01m[Kmaxx[m[Kâ€™ was not declared in this scope; did you mean â€˜[01m[KmaxX[m[Kâ€™?
[2.020s]    94 |                 [01;31m[Kmaxx[m[K = std::min(maxX, allVertice.y);
[2.021s]       |                 [01;31m[K^~~~[m[K
[2.021s]       |                 [32m[KmaxX[m[K
[2.544s] gmake[2]: *** [CMakeFiles/video_subscriber.dir/build.make:76: CMakeFiles/video_subscriber.dir/src/video_subscriber.cpp.o] Error 1
[2.544s] gmake[1]: *** [CMakeFiles/Makefile2:165: CMakeFiles/video_subscriber.dir/all] Error 2
[2.544s] gmake[1]: *** Waiting for unfinished jobs....
[2.676s] [ 75%] [32m[1mLinking CXX executable video_publisher[0m
[3.024s] [ 75%] Built target video_publisher
[3.025s] gmake: *** [Makefile:146: all] Error 2
[3.028s] Invoked command in '/home/emmm/Desktop/scnu_rm/ROS2/task/cvtopic_ws/build/opencv_video' returned '2': CMAKE_PREFIX_PATH=${CMAKE_PREFIX_PATH}:/opt/ros/humble /usr/bin/cmake --build /home/emmm/Desktop/scnu_rm/ROS2/task/cvtopic_ws/build/opencv_video -- -j12 -l12
