[0.009s] Invoking command in '/home/emmm/Desktop/scnu_rm/ROS2/learn/chapter4/service_ws/build/demo_service': AMENT_PREFIX_PATH=/home/emmm/Desktop/scnu_rm/ROS2/learn/chapter4/service_ws/install/service_interfaces:${AMENT_PREFIX_PATH} CMAKE_PREFIX_PATH=/home/emmm/Desktop/scnu_rm/ROS2/learn/chapter4/service_ws/install/service_interfaces:/opt/ros/humble LD_LIBRARY_PATH=/home/emmm/Desktop/scnu_rm/ROS2/learn/chapter4/service_ws/install/service_interfaces/lib:${LD_LIBRARY_PATH} PYTHONPATH=/home/emmm/Desktop/scnu_rm/ROS2/learn/chapter4/service_ws/install/service_interfaces/local/lib/python3.10/dist-packages:${PYTHONPATH} /usr/bin/cmake --build /home/emmm/Desktop/scnu_rm/ROS2/learn/chapter4/service_ws/build/demo_service -- -j12 -l12
[0.031s] -- Found ament_cmake: 1.3.12 (/opt/ros/humble/share/ament_cmake/cmake)
[0.135s] -- Found service_interfaces: 0.0.0 (/home/emmm/Desktop/scnu_rm/ROS2/learn/chapter4/service_ws/install/service_interfaces/share/service_interfaces/cmake)
[0.150s] -- Found rosidl_generator_c: 3.1.7 (/opt/ros/humble/share/rosidl_generator_c/cmake)
[0.152s] -- Found rosidl_adapter: 3.1.7 (/opt/ros/humble/share/rosidl_adapter/cmake)
[0.155s] -- Found rosidl_generator_cpp: 3.1.7 (/opt/ros/humble/share/rosidl_generator_cpp/cmake)
[0.162s] -- Using all available rosidl_typesupport_c: rosidl_typesupport_fastrtps_c;rosidl_typesupport_introspection_c
[0.170s] -- Using all available rosidl_typesupport_cpp: rosidl_typesupport_fastrtps_cpp;rosidl_typesupport_introspection_cpp
[0.175s] -- Found rclcpp: 16.0.15 (/opt/ros/humble/share/rclcpp/cmake)
[0.203s] -- Found rmw_implementation_cmake: 6.1.2 (/opt/ros/humble/share/rmw_implementation_cmake/cmake)
[0.204s] -- Found rmw_fastrtps_cpp: 6.2.9 (/opt/ros/humble/share/rmw_fastrtps_cpp/cmake)
[0.272s] -- Using RMW implementation 'rmw_fastrtps_cpp' as default
[0.303s] -- Found geometry_msgs: 4.9.0 (/opt/ros/humble/share/geometry_msgs/cmake)
[0.311s] -- Found turtlesim: 1.4.3 (/opt/ros/humble/share/turtlesim/cmake)
[0.335s] -- Found ament_lint_auto: 0.12.14 (/opt/ros/humble/share/ament_lint_auto/cmake)
[0.382s] -- Added test 'cppcheck' to perform static code analysis on C / C++ code
[0.382s] -- Configured cppcheck include dirs: 
[0.382s] -- Configured cppcheck exclude dirs and/or files: 
[0.383s] -- Added test 'lint_cmake' to check CMake code style
[0.383s] -- Added test 'uncrustify' to check C / C++ code style
[0.383s] -- Configured uncrustify additional arguments: 
[0.383s] -- Added test 'xmllint' to check XML markup files
[0.383s] -- Configuring done
[0.391s] -- Generating done
[0.395s] -- Build files have been written to: /home/emmm/Desktop/scnu_rm/ROS2/learn/chapter4/service_ws/build/demo_service
[0.418s] [35m[1mConsolidate compiler generated dependencies of target turtle_control[0m
[0.425s] [ 25%] [32mBuilding CXX object CMakeFiles/patrol_client.dir/src/patrol_client.cpp.o[0m
[0.439s] [ 50%] [32mBuilding CXX object CMakeFiles/turtle_control.dir/src/turtle_control.cpp.o[0m
[1.542s] In file included from [01m[K/opt/ros/humble/include/rclcpp/rclcpp/logging.hpp:24[m[K,
[1.542s]                  from [01m[K/opt/ros/humble/include/rclcpp/rclcpp/client.hpp:40[m[K,
[1.542s]                  from [01m[K/opt/ros/humble/include/rclcpp/rclcpp/callback_group.hpp:24[m[K,
[1.542s]                  from [01m[K/opt/ros/humble/include/rclcpp/rclcpp/any_executable.hpp:20[m[K,
[1.542s]                  from [01m[K/opt/ros/humble/include/rclcpp/rclcpp/memory_strategy.hpp:25[m[K,
[1.543s]                  from [01m[K/opt/ros/humble/include/rclcpp/rclcpp/memory_strategies.hpp:18[m[K,
[1.543s]                  from [01m[K/opt/ros/humble/include/rclcpp/rclcpp/executor_options.hpp:20[m[K,
[1.543s]                  from [01m[K/opt/ros/humble/include/rclcpp/rclcpp/executor.hpp:37[m[K,
[1.543s]                  from [01m[K/opt/ros/humble/include/rclcpp/rclcpp/executors/multi_threaded_executor.hpp:25[m[K,
[1.543s]                  from [01m[K/opt/ros/humble/include/rclcpp/rclcpp/executors.hpp:21[m[K,
[1.543s]                  from [01m[K/opt/ros/humble/include/rclcpp/rclcpp/rclcpp.hpp:155[m[K,
[1.543s]                  from [01m[K/home/emmm/Desktop/scnu_rm/ROS2/learn/chapter4/service_ws/src/demo_service/src/patrol_client.cpp:4[m[K:
[1.543s] [01m[K/home/emmm/Desktop/scnu_rm/ROS2/learn/chapter4/service_ws/src/demo_service/src/patrol_client.cpp:[m[K In lambda function:
[1.543s] [01m[K/home/emmm/Desktop/scnu_rm/ROS2/learn/chapter4/service_ws/src/demo_service/src/patrol_client.cpp:47:49:[m[K [01;35m[Kwarning: [m[Kformat â€˜[01m[K%d[m[Kâ€™ expects argument of type â€˜[01m[Kint[m[Kâ€™, but argument 5 has type â€˜[01m[Kdouble[m[Kâ€™ [[01;35m[K]8;;https://gcc.gnu.org/onlinedocs/gcc/Warning-Options.html#index-Wformat=-Wformat=]8;;[m[K]
[1.543s]    47 |                 RCLCPP_INFO(this->get_logger(), [01;35m[K"è¯·æ±‚ç›®æ ‡åæ ‡: x=%d, y=%d"[m[K, [32m[Krequest->target_x[m[K, request->target_y);
[1.543s]       |                                                 [01;35m[K^~~~~~~~~~~~~~~~~~~~~~~~~~[m[K  [32m[K~~~~~~~~~~~~~~~~~[m[K
[1.543s]       |                                                                                      [32m[K|[m[K
[1.544s]       |                                                                                      [32m[Kdouble[m[K
[1.544s] [01m[K/home/emmm/Desktop/scnu_rm/ROS2/learn/chapter4/service_ws/src/demo_service/src/patrol_client.cpp:47:67:[m[K [01;36m[Knote: [m[Kformat string is defined here
[1.544s]    47 |                 RCLCPP_INFO(this->get_logger(), "è¯·æ±‚ç›®æ ‡åæ ‡: x=[01;36m[K%d[m[K, y=%d", request->target_x, request->target_y);
[1.544s]       |                                                                  [01;36m[K~^[m[K
[1.544s]       |                                                                   [01;36m[K|[m[K
[1.544s]       |                                                                   [01;36m[Kint[m[K
[1.544s]       |                                                                  [32m[K%f[m[K
[1.544s] [01m[K/home/emmm/Desktop/scnu_rm/ROS2/learn/chapter4/service_ws/src/demo_service/src/patrol_client.cpp:47:49:[m[K [01;35m[Kwarning: [m[Kformat â€˜[01m[K%d[m[Kâ€™ expects argument of type â€˜[01m[Kint[m[Kâ€™, but argument 6 has type â€˜[01m[Kdouble[m[Kâ€™ [[01;35m[K]8;;https://gcc.gnu.org/onlinedocs/gcc/Warning-Options.html#index-Wformat=-Wformat=]8;;[m[K]
[1.544s]    47 |                 RCLCPP_INFO(this->get_logger(), [01;35m[K"è¯·æ±‚ç›®æ ‡åæ ‡: x=%d, y=%d"[m[K, request->target_x, [32m[Krequest->target_y[m[K);
[1.544s]       |                                                 [01;35m[K^~~~~~~~~~~~~~~~~~~~~~~~~~[m[K                     [32m[K~~~~~~~~~~~~~~~~~[m[K
[1.544s]       |                                                                                                         [32m[K|[m[K
[1.544s]       |                                                                                                         [32m[Kdouble[m[K
[1.545s] [01m[K/home/emmm/Desktop/scnu_rm/ROS2/learn/chapter4/service_ws/src/demo_service/src/patrol_client.cpp:47:73:[m[K [01;36m[Knote: [m[Kformat string is defined here
[1.545s]    47 |                 RCLCPP_INFO(this->get_logger(), "è¯·æ±‚ç›®æ ‡åæ ‡: x=%d, y=[01;36m[K%d[m[K", request->target_x, request->target_y);
[1.545s]       |                                                                        [01;36m[K~^[m[K
[1.545s]       |                                                                         [01;36m[K|[m[K
[1.545s]       |                                                                         [01;36m[Kint[m[K
[1.545s]       |                                                                        [32m[K%f[m[K
[1.967s] In file included from [01m[K/usr/include/c++/13/bits/stl_tempbuf.h:61[m[K,
[1.967s]                  from [01m[K/usr/include/c++/13/memory:66[m[K,
[1.967s]                  from [01m[K/opt/ros/humble/include/rclcpp/rclcpp/rclcpp.hpp:153[m[K:
[1.967s] /usr/include/c++/13/bits/stl_construct.h: In instantiation of â€˜[01m[Kvoid std::[01;32m[K_Construct[m[K(_Tp*, _Args&& ...) [35m[K[with _Tp = PatrolClient; _Args = {const char (&)[14]}][m[K[m[Kâ€™:
[1.967s] [01m[K/usr/include/c++/13/bits/alloc_traits.h:660:19:[m[K   required from â€˜[01m[Kstatic void std::allocator_traits<std::allocator<void> >::[01;32m[Kconstruct[m[K(allocator_type&, _Up*, _Args&& ...) [35m[K[with _Up = PatrolClient; _Args = {const char (&)[14]}; allocator_type = std::allocator<void>][m[K[m[Kâ€™
[1.968s] [01m[K/usr/include/c++/13/bits/shared_ptr_base.h:604:39:[m[K   required from â€˜[01m[Kstd::_Sp_counted_ptr_inplace<_Tp, _Alloc, _Lp>::[01;32m[K_Sp_counted_ptr_inplace[m[K(_Alloc, _Args&& ...) [35m[K[with _Args = {const char (&)[14]}; _Tp = PatrolClient; _Alloc = std::allocator<void>; __gnu_cxx::_Lock_policy _Lp = __gnu_cxx::_S_atomic][m[K[m[Kâ€™
[1.968s] [01m[K/usr/include/c++/13/bits/shared_ptr_base.h:971:16:[m[K   required from â€˜[01m[Kstd::__shared_count<_Lp>::[01;32m[K__shared_count[m[K(_Tp*&, std::_Sp_alloc_shared_tag<_Alloc>, _Args&& ...) [35m[K[with _Tp = PatrolClient; _Alloc = std::allocator<void>; _Args = {const char (&)[14]}; __gnu_cxx::_Lock_policy _Lp = __gnu_cxx::_S_atomic][m[K[m[Kâ€™
[1.968s] [01m[K/usr/include/c++/13/bits/shared_ptr_base.h:1712:14:[m[K   required from â€˜[01m[Kstd::__shared_ptr<_Tp, _Lp>::[01;32m[K__shared_ptr[m[K(std::_Sp_alloc_shared_tag<_Tp>, _Args&& ...) [35m[K[with _Alloc = std::allocator<void>; _Args = {const char (&)[14]}; _Tp = PatrolClient; __gnu_cxx::_Lock_policy _Lp = __gnu_cxx::_S_atomic][m[K[m[Kâ€™
[1.968s] [01m[K/usr/include/c++/13/bits/shared_ptr.h:464:59:[m[K   required from â€˜[01m[Kstd::shared_ptr<_Tp>::[01;32m[Kshared_ptr[m[K(std::_Sp_alloc_shared_tag<_Tp>, _Args&& ...) [35m[K[with _Alloc = std::allocator<void>; _Args = {const char (&)[14]}; _Tp = PatrolClient][m[K[m[Kâ€™
[1.968s] [01m[K/usr/include/c++/13/bits/shared_ptr.h:1009:14:[m[K   required from â€˜[01m[Kstd::shared_ptr<typename std::enable_if<(! std::is_array< <template-parameter-1-1> >::value), _Tp>::type> std::[01;32m[Kmake_shared[m[K(_Args&& ...) [35m[K[with _Tp = PatrolClient; _Args = {const char (&)[14]}; typename enable_if<(! is_array< <template-parameter-1-1> >::value), _Tp>::type = PatrolClient][m[K[m[Kâ€™
[1.968s] [01m[K/home/emmm/Desktop/scnu_rm/ROS2/learn/chapter4/service_ws/src/demo_service/src/patrol_client.cpp:74:47:[m[K   required from here
[1.968s] [01m[K/usr/include/c++/13/bits/stl_construct.h:119:7:[m[K [01;31m[Kerror: [m[Kno matching function for call to â€˜[01m[KPatrolClient::PatrolClient(const char [14])[m[Kâ€™
[1.968s]   119 |       [01;31m[K::new((void*)__p) _Tp(std::forward<_Args>(__args)...)[m[K;
[1.968s]       |       [01;31m[K^~~~~~~~~~~~~~~~~~~~~~~~~~~~~~~~~~~~~~~~~~~~~~~~~~~~~[m[K
[1.968s] [01m[K/home/emmm/Desktop/scnu_rm/ROS2/learn/chapter4/service_ws/src/demo_service/src/patrol_client.cpp:21:5:[m[K [01;36m[Knote: [m[Kcandidate: â€˜[01m[KPatrolClient::[01;32m[KPatrolClient[m[K()[m[Kâ€™
[1.968s]    21 |     [01;36m[KPatrolClient[m[K() : Node("patrol_client")
[1.969s]       |     [01;36m[K^~~~~~~~~~~~[m[K
[1.969s] [01m[K/home/emmm/Desktop/scnu_rm/ROS2/learn/chapter4/service_ws/src/demo_service/src/patrol_client.cpp:21:5:[m[K [01;36m[Knote: [m[K  candidate expects 0 arguments, 1 provided
[2.054s] gmake[2]: *** [CMakeFiles/patrol_client.dir/build.make:76: CMakeFiles/patrol_client.dir/src/patrol_client.cpp.o] Error 1
[2.054s] gmake[1]: *** [CMakeFiles/Makefile2:165: CMakeFiles/patrol_client.dir/all] Error 2
[2.054s] gmake[1]: *** Waiting for unfinished jobs....
[2.139s] In file included from [01m[K/usr/include/c++/13/bits/stl_tempbuf.h:61[m[K,
[2.139s]                  from [01m[K/usr/include/c++/13/memory:66[m[K,
[2.139s]                  from [01m[K/opt/ros/humble/include/rclcpp/rclcpp/rclcpp.hpp:153[m[K,
[2.140s]                  from [01m[K/home/emmm/Desktop/scnu_rm/ROS2/learn/chapter4/service_ws/src/demo_service/src/turtle_control.cpp:5[m[K:
[2.140s] /usr/include/c++/13/bits/stl_construct.h: In instantiation of â€˜[01m[Kvoid std::[01;32m[K_Construct[m[K(_Tp*, _Args&& ...) [35m[K[with _Tp = TurtleController; _Args = {const char (&)[15]}][m[K[m[Kâ€™:
[2.140s] [01m[K/usr/include/c++/13/bits/alloc_traits.h:660:19:[m[K   required from â€˜[01m[Kstatic void std::allocator_traits<std::allocator<void> >::[01;32m[Kconstruct[m[K(allocator_type&, _Up*, _Args&& ...) [35m[K[with _Up = TurtleController; _Args = {const char (&)[15]}; allocator_type = std::allocator<void>][m[K[m[Kâ€™
[2.140s] [01m[K/usr/include/c++/13/bits/shared_ptr_base.h:604:39:[m[K   required from â€˜[01m[Kstd::_Sp_counted_ptr_inplace<_Tp, _Alloc, _Lp>::[01;32m[K_Sp_counted_ptr_inplace[m[K(_Alloc, _Args&& ...) [35m[K[with _Args = {const char (&)[15]}; _Tp = TurtleController; _Alloc = std::allocator<void>; __gnu_cxx::_Lock_policy _Lp = __gnu_cxx::_S_atomic][m[K[m[Kâ€™
[2.140s] [01m[K/usr/include/c++/13/bits/shared_ptr_base.h:971:16:[m[K   required from â€˜[01m[Kstd::__shared_count<_Lp>::[01;32m[K__shared_count[m[K(_Tp*&, std::_Sp_alloc_shared_tag<_Alloc>, _Args&& ...) [35m[K[with _Tp = TurtleController; _Alloc = std::allocator<void>; _Args = {const char (&)[15]}; __gnu_cxx::_Lock_policy _Lp = __gnu_cxx::_S_atomic][m[K[m[Kâ€™
[2.140s] [01m[K/usr/include/c++/13/bits/shared_ptr_base.h:1712:14:[m[K   required from â€˜[01m[Kstd::__shared_ptr<_Tp, _Lp>::[01;32m[K__shared_ptr[m[K(std::_Sp_alloc_shared_tag<_Tp>, _Args&& ...) [35m[K[with _Alloc = std::allocator<void>; _Args = {const char (&)[15]}; _Tp = TurtleController; __gnu_cxx::_Lock_policy _Lp = __gnu_cxx::_S_atomic][m[K[m[Kâ€™
[2.140s] [01m[K/usr/include/c++/13/bits/shared_ptr.h:464:59:[m[K   required from â€˜[01m[Kstd::shared_ptr<_Tp>::[01;32m[Kshared_ptr[m[K(std::_Sp_alloc_shared_tag<_Tp>, _Args&& ...) [35m[K[with _Alloc = std::allocator<void>; _Args = {const char (&)[15]}; _Tp = TurtleController][m[K[m[Kâ€™
[2.140s] [01m[K/usr/include/c++/13/bits/shared_ptr.h:1009:14:[m[K   required from â€˜[01m[Kstd::shared_ptr<typename std::enable_if<(! std::is_array< <template-parameter-1-1> >::value), _Tp>::type> std::[01;32m[Kmake_shared[m[K(_Args&& ...) [35m[K[with _Tp = TurtleController; _Args = {const char (&)[15]}; typename enable_if<(! is_array< <template-parameter-1-1> >::value), _Tp>::type = TurtleController][m[K[m[Kâ€™
[2.140s] [01m[K/home/emmm/Desktop/scnu_rm/ROS2/learn/chapter4/service_ws/src/demo_service/src/turtle_control.cpp:111:51:[m[K   required from here
[2.140s] [01m[K/usr/include/c++/13/bits/stl_construct.h:119:7:[m[K [01;31m[Kerror: [m[Kno matching function for call to â€˜[01m[KTurtleController::TurtleController(const char [15])[m[Kâ€™
[2.140s]   119 |       [01;31m[K::new((void*)__p) _Tp(std::forward<_Args>(__args)...)[m[K;
[2.141s]       |       [01;31m[K^~~~~~~~~~~~~~~~~~~~~~~~~~~~~~~~~~~~~~~~~~~~~~~~~~~~~[m[K
[2.141s] [01m[K/home/emmm/Desktop/scnu_rm/ROS2/learn/chapter4/service_ws/src/demo_service/src/turtle_control.cpp:33:5:[m[K [01;36m[Knote: [m[Kcandidate: â€˜[01m[KTurtleController::[01;32m[KTurtleController[m[K()[m[Kâ€™
[2.141s]    33 |     [01;36m[KTurtleController[m[K() : Node("turtle_controller")
[2.141s]       |     [01;36m[K^~~~~~~~~~~~~~~~[m[K
[2.141s] [01m[K/home/emmm/Desktop/scnu_rm/ROS2/learn/chapter4/service_ws/src/demo_service/src/turtle_control.cpp:33:5:[m[K [01;36m[Knote: [m[K  candidate expects 0 arguments, 1 provided
[2.842s] gmake[2]: *** [CMakeFiles/turtle_control.dir/build.make:76: CMakeFiles/turtle_control.dir/src/turtle_control.cpp.o] Error 1
[2.842s] gmake[1]: *** [CMakeFiles/Makefile2:139: CMakeFiles/turtle_control.dir/all] Error 2
[2.842s] gmake: *** [Makefile:146: all] Error 2
[2.844s] Invoked command in '/home/emmm/Desktop/scnu_rm/ROS2/learn/chapter4/service_ws/build/demo_service' returned '2': AMENT_PREFIX_PATH=/home/emmm/Desktop/scnu_rm/ROS2/learn/chapter4/service_ws/install/service_interfaces:${AMENT_PREFIX_PATH} CMAKE_PREFIX_PATH=/home/emmm/Desktop/scnu_rm/ROS2/learn/chapter4/service_ws/install/service_interfaces:/opt/ros/humble LD_LIBRARY_PATH=/home/emmm/Desktop/scnu_rm/ROS2/learn/chapter4/service_ws/install/service_interfaces/lib:${LD_LIBRARY_PATH} PYTHONPATH=/home/emmm/Desktop/scnu_rm/ROS2/learn/chapter4/service_ws/install/service_interfaces/local/lib/python3.10/dist-packages:${PYTHONPATH} /usr/bin/cmake --build /home/emmm/Desktop/scnu_rm/ROS2/learn/chapter4/service_ws/build/demo_service -- -j12 -l12
