[0.010s] Invoking command in '/home/emmm/Desktop/scnu_rm/ROS2/task/cvtopic_ws/build/opencv_video': CMAKE_PREFIX_PATH=${CMAKE_PREFIX_PATH}:/opt/ros/humble /usr/bin/cmake --build /home/emmm/Desktop/scnu_rm/ROS2/task/cvtopic_ws/build/opencv_video -- -j12 -l12
[0.042s] -- Found ament_cmake: 1.3.12 (/opt/ros/humble/share/ament_cmake/cmake)
[0.163s] -- Found rclcpp: 16.0.15 (/opt/ros/humble/share/rclcpp/cmake)
[0.188s] -- Found rosidl_generator_c: 3.1.7 (/opt/ros/humble/share/rosidl_generator_c/cmake)
[0.190s] -- Found rosidl_adapter: 3.1.7 (/opt/ros/humble/share/rosidl_adapter/cmake)
[0.196s] -- Found rosidl_generator_cpp: 3.1.7 (/opt/ros/humble/share/rosidl_generator_cpp/cmake)
[0.203s] -- Using all available rosidl_typesupport_c: rosidl_typesupport_fastrtps_c;rosidl_typesupport_introspection_c
[0.214s] -- Using all available rosidl_typesupport_cpp: rosidl_typesupport_fastrtps_cpp;rosidl_typesupport_introspection_cpp
[0.241s] -- Found rmw_implementation_cmake: 6.1.2 (/opt/ros/humble/share/rmw_implementation_cmake/cmake)
[0.243s] -- Found rmw_fastrtps_cpp: 6.2.9 (/opt/ros/humble/share/rmw_fastrtps_cpp/cmake)
[0.321s] -- Using RMW implementation 'rmw_fastrtps_cpp' as default
[0.362s] -- Found sensor_msgs: 4.9.0 (/opt/ros/humble/share/sensor_msgs/cmake)
[0.385s] -- Found cv_bridge: 3.2.1 (/opt/ros/humble/share/cv_bridge/cmake)
[0.392s] -- Found image_transport: 3.1.12 (/opt/ros/humble/share/image_transport/cmake)
[0.412s] -- Found ament_lint_auto: 0.12.14 (/opt/ros/humble/share/ament_lint_auto/cmake)
[0.477s] -- Added test 'cppcheck' to perform static code analysis on C / C++ code
[0.477s] -- Configured cppcheck include dirs: 
[0.477s] -- Configured cppcheck exclude dirs and/or files: 
[0.477s] -- Added test 'lint_cmake' to check CMake code style
[0.478s] -- Added test 'uncrustify' to check C / C++ code style
[0.478s] -- Configured uncrustify additional arguments: 
[0.479s] -- Added test 'xmllint' to check XML markup files
[0.479s] -- Configuring done
[0.493s] -- Generating done
[0.497s] -- Build files have been written to: /home/emmm/Desktop/scnu_rm/ROS2/task/cvtopic_ws/build/opencv_video
[0.525s] [35m[1mConsolidate compiler generated dependencies of target video_publisher[0m
[0.539s] [ 25%] [32mBuilding CXX object CMakeFiles/video_subscriber.dir/src/video_subscriber.cpp.o[0m
[0.555s] [ 50%] [32mBuilding CXX object CMakeFiles/video_publisher.dir/src/video_publisher.cpp.o[0m
[0.681s] [01m[K/home/emmm/Desktop/scnu_rm/ROS2/task/cvtopic_ws/src/opencv_video/src/video_subscriber.cpp:3:10:[m[K [01;31m[Kfatal error: [m[Kcv_bridge/cv_bridege.h: No such file or directory
[0.681s]     3 | #include [01;31m[K"cv_bridge/cv_bridege.h"[m[K
[0.682s]       |          [01;31m[K^~~~~~~~~~~~~~~~~~~~~~~~[m[K
[0.682s] compilation terminated.
[0.695s] gmake[2]: *** [CMakeFiles/video_subscriber.dir/build.make:76: CMakeFiles/video_subscriber.dir/src/video_subscriber.cpp.o] Error 1
[0.695s] gmake[1]: *** [CMakeFiles/Makefile2:165: CMakeFiles/video_subscriber.dir/all] Error 2
[0.695s] gmake[1]: *** Waiting for unfinished jobs....
[2.865s] [ 75%] [32m[1mLinking CXX executable video_publisher[0m
[3.171s] [ 75%] Built target video_publisher
[3.173s] gmake: *** [Makefile:146: all] Error 2
[3.176s] Invoked command in '/home/emmm/Desktop/scnu_rm/ROS2/task/cvtopic_ws/build/opencv_video' returned '2': CMAKE_PREFIX_PATH=${CMAKE_PREFIX_PATH}:/opt/ros/humble /usr/bin/cmake --build /home/emmm/Desktop/scnu_rm/ROS2/task/cvtopic_ws/build/opencv_video -- -j12 -l12
