[35m[1mConsolidate compiler generated dependencies of target video_subscriber[0m
[ 50%] Built target video_publisher
[ 75%] [32mBuilding CXX object CMakeFiles/video_subscriber.dir/src/video_subscriber.cpp.o[0m
[01m[K/home/emmm/Desktop/scnu_rm/ROS2/task/cvtopic_ws/src/opencv_video/src/video_subscriber.cpp:[m[K In member function â€˜[01m[Kvoid VideoSubscriberNode::[01;32m[Kimg_callback[m[K(const sensor_msgs::msg::Image_<std::allocator<void> >::ConstSharedPtr&)[m[Kâ€™:
[01m[K/home/emmm/Desktop/scnu_rm/ROS2/task/cvtopic_ws/src/opencv_video/src/video_subscriber.cpp:93:33:[m[K [01;31m[Kerror: [m[Kâ€˜[01m[Kminx[m[Kâ€™ was not declared in this scope; did you mean â€˜[01m[KminX[m[Kâ€™?
   93 |                 minX = std::min([01;31m[Kminx[m[K, allVertice.x);
      |                                 [01;31m[K^~~~[m[K
      |                                 [32m[KminX[m[K
gmake[2]: *** [CMakeFiles/video_subscriber.dir/build.make:76: CMakeFiles/video_subscriber.dir/src/video_subscriber.cpp.o] Error 1
gmake[1]: *** [CMakeFiles/Makefile2:165: CMakeFiles/video_subscriber.dir/all] Error 2
gmake: *** [Makefile:146: all] Error 2
